9807
9903
6302
14404
15666
9263
12862
10299
6696
12247
7306
12624
8384
6497
2954
13917
18098
13961
4240
14341
9908
11606
9593
10984
9564
1923
13803
4897
2246
11149
12547
17011
4289
7744
8388
11134
7443
10117
7343
13320
13383
10125
18841
2073
8171
11690
7340
11358
8724
9210
6590
8107
15784
17416
18376
16384
5029
5292
4231
14010
9638
5820
10749
4011
5332
9285
12618
8654
11020
4230
12209
7502
16174
10161
15562
11859
16219
13933
3909
8198
10218
3861
7575
3937
7637
10691
15128
9783
10039
7111
6815
9852
15700
1758
17133
5196
13787
12886
14272
15361
